<?xml version="1.0" encoding="UTF-8"?>
<!-- Generated by org.testng.reporters.JUnitReportReporter -->
<testsuite hostname="LAPTOP-DOBLN3AU" failures="0" tests="3" name="seleniumScripts.TestAnnotation" time="72.684" errors="0" timestamp="2024-01-18T10:59:11 IST" skipped="0">
  <testcase classname="seleniumScripts.TestAnnotation" name="createAccount" time="13.380"/>
  <system-out/>
  <testcase classname="seleniumScripts.TestAnnotation" name="teardown" time="36.537"/>
  <system-out/>
  <testcase classname="seleniumScripts.TestAnnotation" name="login" time="22.767"/>
  <system-out/>
</testsuite> <!-- seleniumScripts.TestAnnotation -->
