<?xml version="1.0" encoding="UTF-8"?>
<!-- Generated by org.testng.reporters.JUnitReportReporter -->
<testsuite hostname="LAPTOP-DOBLN3AU" failures="0" tests="5" name="seleniumScripts.TestAnnotationDemo2" time="0.055" errors="0" timestamp="2024-01-18T10:59:11 IST" skipped="0">
  <testcase classname="seleniumScripts.TestAnnotationDemo2" name="login" time="0.006"/>
  <system-out/>
  <testcase classname="seleniumScripts.TestAnnotationDemo2" name="composeEmail" time="0.002"/>
  <system-out/>
  <testcase classname="seleniumScripts.TestAnnotationDemo2" name="SearchEmail" time="0.004"/>
  <system-out/>
  <testcase classname="seleniumScripts.TestAnnotationDemo2" name="DeleteEmail" time="0.005"/>
  <system-out/>
  <testcase classname="seleniumScripts.TestAnnotationDemo2" name="Logout" time="0.038"/>
  <system-out/>
</testsuite> <!-- seleniumScripts.TestAnnotationDemo2 -->
